--- Copying all files to /root/.m2 at Thu Jun  9 09:18:02 UTC 2022
'./settings-docker.xml' -> '/root/.m2/./settings-docker.xml'

--- Copying individual files to /root/.m2 at Thu Jun  9 09:32:41 UTC 2022

--- Copying individual files to /root/.m2 at Thu Jun  9 09:39:42 UTC 2022

--- Copying individual files to /root/.m2 at Thu Jun  9 09:58:00 UTC 2022

--- Copying individual files to /root/.m2 at Thu Jun  9 10:03:41 UTC 2022

--- Copying individual files to /root/.m2 at Thu Jun  9 10:13:32 UTC 2022

--- Copying individual files to /root/.m2 at Thu Jun  9 10:17:12 UTC 2022

--- Copying individual files to /root/.m2 at Thu Jun  9 10:19:10 UTC 2022

--- Copying individual files to /root/.m2 at Thu Jun  9 10:26:34 UTC 2022

--- Copying individual files to /root/.m2 at Thu Jun  9 10:30:17 UTC 2022

--- Copying individual files to /root/.m2 at Thu Jun  9 10:37:21 UTC 2022

--- Copying individual files to /root/.m2 at Thu Jun  9 10:42:41 UTC 2022

--- Copying individual files to /root/.m2 at Thu Jun  9 10:59:42 UTC 2022

--- Copying individual files to /root/.m2 at Thu Jun  9 11:11:08 UTC 2022

--- Copying individual files to /root/.m2 at Thu Jun  9 12:10:33 UTC 2022

--- Copying individual files to /root/.m2 at Thu Jun  9 12:20:13 UTC 2022

--- Copying individual files to /root/.m2 at Thu Jun  9 12:25:47 UTC 2022

--- Copying individual files to /root/.m2 at Thu Jun  9 12:49:32 UTC 2022

--- Copying individual files to /root/.m2 at Thu Jun  9 19:25:15 UTC 2022

--- Copying individual files to /root/.m2 at Thu Jun  9 19:53:13 UTC 2022

--- Copying individual files to /root/.m2 at Wed Jun 22 18:45:54 UTC 2022

--- Copying individual files to /root/.m2 at Thu Jun 23 08:41:07 UTC 2022

--- Copying individual files to /root/.m2 at Thu Jun 23 09:15:34 UTC 2022

--- Copying individual files to /root/.m2 at Thu Jun 23 09:25:48 UTC 2022

--- Copying individual files to /root/.m2 at Thu Jun 23 14:02:08 UTC 2022

--- Copying individual files to /root/.m2 at Thu Jun 23 14:59:50 UTC 2022

